[ 2017-09-03T08:35:40+08:00 ] [ sql ] [ DB ] CONNECT:[ UseTime:0.000510s ] mysql:dbname=api;host=127.0.0.1;charset=utf8
[ sql ] [ SQL ] SHOW COLUMNS FROM `os_weixin` [ RunTime:0.000689s ]
[ sql ] [ SQL ] SELECT `id`,`username`,`phone`,`status` FROM `os_weixin` WHERE  `username` = '胡坤炀'  AND `sdmu` = '160602040108' LIMIT 1 [ RunTime:0.000281s ]

---------------------------------------------------------------
[ 2017-09-03T08:36:22+08:00 ] [ sql ] [ DB ] CONNECT:[ UseTime:0.000508s ] mysql:dbname=api;host=127.0.0.1;charset=utf8
[ sql ] [ SQL ] SHOW COLUMNS FROM `os_weixin` [ RunTime:0.000710s ]
[ sql ] [ SQL ] SELECT `id`,`username`,`phone`,`status` FROM `os_weixin` WHERE  `username` = '胡坤炀'  AND `sdmu` = '16370702110061' LIMIT 1 [ RunTime:0.000272s ]

---------------------------------------------------------------
[ 2017-09-03T08:36:49+08:00 ] [ sql ] [ DB ] CONNECT:[ UseTime:0.000469s ] mysql:dbname=api;host=127.0.0.1;charset=utf8
[ sql ] [ SQL ] SHOW COLUMNS FROM `os_weixin` [ RunTime:0.000673s ]
[ sql ] [ SQL ] SELECT `id`,`username`,`phone`,`status` FROM `os_weixin` WHERE  `username` = '胡坤炀'  AND `sdmu` = '16370702110061' LIMIT 1 [ RunTime:0.000204s ]

---------------------------------------------------------------
[ 2017-09-03T08:37:19+08:00 ] [ sql ] [ DB ] CONNECT:[ UseTime:0.000510s ] mysql:dbname=api;host=127.0.0.1;charset=utf8
[ sql ] [ SQL ] SHOW COLUMNS FROM `os_weixin` [ RunTime:0.000710s ]
[ sql ] [ SQL ] SELECT `id`,`username`,`phone`,`status` FROM `os_weixin` WHERE  `username` = '胡坤炀'  AND `sdmu` = '160602040108' LIMIT 1 [ RunTime:0.000185s ]

---------------------------------------------------------------
[ 2017-09-03T09:12:06+08:00 ] [ sql ] [ DB ] CONNECT:[ UseTime:0.000490s ] mysql:dbname=api;host=127.0.0.1;charset=utf8
[ sql ] [ SQL ] SHOW COLUMNS FROM `os_weixin` [ RunTime:0.000715s ]
[ sql ] [ SQL ] SELECT `id`,`username`,`phone`,`status` FROM `os_weixin` WHERE  `username` = '刘振华'  AND `sdmu` = '140503010212' LIMIT 1 [ RunTime:0.000266s ]

---------------------------------------------------------------
[ 2017-09-03T09:12:09+08:00 ] [ sql ] [ DB ] CONNECT:[ UseTime:0.000526s ] mysql:dbname=api;host=127.0.0.1;charset=utf8
[ sql ] [ SQL ] SHOW COLUMNS FROM `os_auth_group_access` [ RunTime:0.000655s ]
[ sql ] [ SQL ] SELECT `AuthGroupAccess`.`uid`,`AuthGroupAccess`.`group_id`,`AuthGroup`.`title`,`AuthGroup`.`rules` FROM `os_auth_group_access` `AuthGroupAccess` LEFT JOIN `os_auth_group` `AuthGroup` ON `AuthGroupAccess`.`group_id`=`AuthGroup`.`id` WHERE  (  AuthGroupAccess.uid='419' and AuthGroup.status='1' ) [ RunTime:0.000286s ]
[ sql ] [ SQL ] SHOW COLUMNS FROM `os_nav` [ RunTime:0.000485s ]
[ sql ] [ SQL ] SELECT * FROM `os_nav` WHERE  `status` = 1 ORDER BY `sort`  ASC [ RunTime:0.000164s ]
[ sql ] [ SQL ] SHOW COLUMNS FROM `os_slide` [ RunTime:0.000485s ]
[ sql ] [ SQL ] SELECT * FROM `os_slide` WHERE  `status` = 1  AND `cid` = 1 ORDER BY `sort`  DESC [ RunTime:0.000166s ]
[ sql ] [ SQL ] SHOW COLUMNS FROM `os_weixin` [ RunTime:0.000498s ]
[ sql ] [ SQL ] SELECT `phone` FROM `os_weixin` WHERE  `id` = 419 LIMIT 1 [ RunTime:0.000206s ]

---------------------------------------------------------------
[ 2017-09-03T09:12:12+08:00 ] [ sql ] [ DB ] CONNECT:[ UseTime:0.000484s ] mysql:dbname=api;host=127.0.0.1;charset=utf8
[ sql ] [ SQL ] SHOW COLUMNS FROM `os_auth_group_access` [ RunTime:0.000609s ]
[ sql ] [ SQL ] SELECT `AuthGroupAccess`.`uid`,`AuthGroupAccess`.`group_id`,`AuthGroup`.`title`,`AuthGroup`.`rules` FROM `os_auth_group_access` `AuthGroupAccess` LEFT JOIN `os_auth_group` `AuthGroup` ON `AuthGroupAccess`.`group_id`=`AuthGroup`.`id` WHERE  (  AuthGroupAccess.uid='419' and AuthGroup.status='1' ) [ RunTime:0.000186s ]
[ sql ] [ SQL ] SHOW COLUMNS FROM `os_nav` [ RunTime:0.000517s ]
[ sql ] [ SQL ] SELECT * FROM `os_nav` WHERE  `status` = 1 ORDER BY `sort`  ASC [ RunTime:0.000159s ]
[ sql ] [ SQL ] SHOW COLUMNS FROM `os_slide` [ RunTime:0.000445s ]
[ sql ] [ SQL ] SELECT * FROM `os_slide` WHERE  `status` = 1  AND `cid` = 1 ORDER BY `sort`  DESC [ RunTime:0.000159s ]
[ sql ] [ SQL ] SHOW COLUMNS FROM `os_weixin` [ RunTime:0.000454s ]
[ sql ] [ SQL ] SELECT * FROM `os_weixin` WHERE  `id` = 419 LIMIT 1 [ RunTime:0.000265s ]

---------------------------------------------------------------
[ 2017-09-03T10:05:31+08:00 ] [ sql ] [ DB ] CONNECT:[ UseTime:0.000514s ] mysql:dbname=api;host=127.0.0.1;charset=utf8
[ sql ] [ SQL ] SHOW COLUMNS FROM `os_weixin` [ RunTime:0.000789s ]
[ sql ] [ SQL ] SELECT `id`,`username`,`phone`,`status` FROM `os_weixin` WHERE  `username` = '唐朝璐'  AND `sdmu` = '20150604050222' LIMIT 1 [ RunTime:0.000274s ]

---------------------------------------------------------------
[ 2017-09-03T10:38:03+08:00 ] [ sql ] [ DB ] CONNECT:[ UseTime:0.000526s ] mysql:dbname=api;host=127.0.0.1;charset=utf8
[ sql ] [ SQL ] SHOW COLUMNS FROM `os_weixin` [ RunTime:0.000673s ]
[ sql ] [ SQL ] SELECT `id`,`username`,`phone`,`status` FROM `os_weixin` WHERE  `username` = '李帆'  AND `sdmu` = '20150607040116' LIMIT 1 [ RunTime:0.000266s ]

---------------------------------------------------------------
[ 2017-09-03T10:38:06+08:00 ] [ sql ] [ DB ] CONNECT:[ UseTime:0.000527s ] mysql:dbname=api;host=127.0.0.1;charset=utf8
[ sql ] [ SQL ] SHOW COLUMNS FROM `os_auth_group_access` [ RunTime:0.000640s ]
[ sql ] [ SQL ] SELECT `AuthGroupAccess`.`uid`,`AuthGroupAccess`.`group_id`,`AuthGroup`.`title`,`AuthGroup`.`rules` FROM `os_auth_group_access` `AuthGroupAccess` LEFT JOIN `os_auth_group` `AuthGroup` ON `AuthGroupAccess`.`group_id`=`AuthGroup`.`id` WHERE  (  AuthGroupAccess.uid='285' and AuthGroup.status='1' ) [ RunTime:0.000276s ]
[ sql ] [ SQL ] SHOW COLUMNS FROM `os_nav` [ RunTime:0.000461s ]
[ sql ] [ SQL ] SELECT * FROM `os_nav` WHERE  `status` = 1 ORDER BY `sort`  ASC [ RunTime:0.000153s ]
[ sql ] [ SQL ] SHOW COLUMNS FROM `os_slide` [ RunTime:0.000459s ]
[ sql ] [ SQL ] SELECT * FROM `os_slide` WHERE  `status` = 1  AND `cid` = 1 ORDER BY `sort`  DESC [ RunTime:0.000148s ]
[ sql ] [ SQL ] SHOW COLUMNS FROM `os_weixin` [ RunTime:0.000471s ]
[ sql ] [ SQL ] SELECT `phone` FROM `os_weixin` WHERE  `id` = 285 LIMIT 1 [ RunTime:0.000184s ]

---------------------------------------------------------------
[ 2017-09-03T10:38:10+08:00 ] [ sql ] [ DB ] CONNECT:[ UseTime:0.000480s ] mysql:dbname=api;host=127.0.0.1;charset=utf8
[ sql ] [ SQL ] SHOW COLUMNS FROM `os_auth_group_access` [ RunTime:0.000667s ]
[ sql ] [ SQL ] SELECT `AuthGroupAccess`.`uid`,`AuthGroupAccess`.`group_id`,`AuthGroup`.`title`,`AuthGroup`.`rules` FROM `os_auth_group_access` `AuthGroupAccess` LEFT JOIN `os_auth_group` `AuthGroup` ON `AuthGroupAccess`.`group_id`=`AuthGroup`.`id` WHERE  (  AuthGroupAccess.uid='285' and AuthGroup.status='1' ) [ RunTime:0.000187s ]
[ sql ] [ SQL ] SHOW COLUMNS FROM `os_nav` [ RunTime:0.000493s ]
[ sql ] [ SQL ] SELECT * FROM `os_nav` WHERE  `status` = 1 ORDER BY `sort`  ASC [ RunTime:0.000161s ]
[ sql ] [ SQL ] SHOW COLUMNS FROM `os_slide` [ RunTime:0.000443s ]
[ sql ] [ SQL ] SELECT * FROM `os_slide` WHERE  `status` = 1  AND `cid` = 1 ORDER BY `sort`  DESC [ RunTime:0.000186s ]
[ sql ] [ SQL ] SHOW COLUMNS FROM `os_weixin` [ RunTime:0.000467s ]
[ sql ] [ SQL ] SELECT * FROM `os_weixin` WHERE  `id` = 285 LIMIT 1 [ RunTime:0.000251s ]

---------------------------------------------------------------
[ 2017-09-03T10:38:32+08:00 ] [ sql ] [ DB ] CONNECT:[ UseTime:0.000519s ] mysql:dbname=api;host=127.0.0.1;charset=utf8
[ sql ] [ SQL ] SHOW COLUMNS FROM `os_weixin` [ RunTime:0.000707s ]
[ sql ] [ SQL ] SELECT `id`,`username`,`phone`,`status` FROM `os_weixin` WHERE  `username` = '吕佳钰'  AND `sdmu` = '160507010324' LIMIT 1 [ RunTime:0.000256s ]

---------------------------------------------------------------
[ 2017-09-03T10:38:48+08:00 ] [ sql ] [ DB ] CONNECT:[ UseTime:0.000497s ] mysql:dbname=api;host=127.0.0.1;charset=utf8
[ sql ] [ SQL ] SHOW COLUMNS FROM `os_weixin` [ RunTime:0.000735s ]
[ sql ] [ SQL ] SELECT `id`,`username`,`phone`,`status` FROM `os_weixin` WHERE  `username` = '吕佳钰'  AND `sdmu` = '16370305151790' LIMIT 1 [ RunTime:0.000256s ]

---------------------------------------------------------------
[ 2017-09-03T10:51:45+08:00 ] [ sql ] [ DB ] CONNECT:[ UseTime:0.000490s ] mysql:dbname=api;host=127.0.0.1;charset=utf8
[ sql ] [ SQL ] SHOW COLUMNS FROM `os_admin_user` [ RunTime:0.000655s ]
[ sql ] [ SQL ] SELECT `id`,`username`,`status` FROM `os_admin_user` WHERE  `username` = 'admin'  AND `password` = '0dfc7612f607db6c17fd99388e9e5f9c' LIMIT 1 [ RunTime:0.000271s ]
[ sql ] [ SQL ] UPDATE `os_admin_user`  SET `last_login_time`='2017-09-03 10:51:45',`last_login_ip`='111.37.0.66'  WHERE  `id` = 1 [ RunTime:0.000260s ]

---------------------------------------------------------------
[ 2017-09-03T10:51:46+08:00 ] [ sql ] [ DB ] CONNECT:[ UseTime:0.000510s ] mysql:dbname=api;host=127.0.0.1;charset=utf8
[ sql ] [ SQL ] SHOW COLUMNS FROM `os_auth_rule` [ RunTime:0.000679s ]
[ sql ] [ SQL ] SELECT * FROM `os_auth_rule` WHERE  `status` = 1 ORDER BY `sort`  DESC,`id`  ASC [ RunTime:0.000213s ]
[ sql ] [ SQL ] SHOW COLUMNS FROM `os_auth_group_access` [ RunTime:0.000437s ]
[ sql ] [ SQL ] SELECT `AuthGroupAccess`.`uid`,`AuthGroupAccess`.`group_id`,`AuthGroup`.`title`,`AuthGroup`.`rules` FROM `os_auth_group_access` `AuthGroupAccess` LEFT JOIN `os_auth_group` `AuthGroup` ON `AuthGroupAccess`.`group_id`=`AuthGroup`.`id` WHERE  (  AuthGroupAccess.uid='1' and AuthGroup.status='1' ) [ RunTime:0.000167s ]
[ sql ] [ SQL ] SELECT `condition`,`name` FROM `os_auth_rule` WHERE  `id` IN (1,2,3,73,74,5,6,7,8,9,10,11,12,39,40,41,42,43,14,13,20,21,22,23,24,15,25,26,27,28,29,30,16,17,44,45,46,47,48,18,49,50,51,52,53,19,31,32,33,34,35,36,37,54,55,58,59,60,61,62,56,63,64,65,66,67,57,68,69,70,71,72)  AND `type` = 1 [ RunTime:0.000313s ]
[ sql ] [ SQL ] SELECT VERSION() AS ver [ RunTime:0.000123s ]

---------------------------------------------------------------
[ 2017-09-03T10:51:50+08:00 ] [ sql ] [ DB ] CONNECT:[ UseTime:0.000498s ] mysql:dbname=api;host=127.0.0.1;charset=utf8
[ sql ] [ SQL ] SHOW COLUMNS FROM `os_auth_group_access` [ RunTime:0.001064s ]
[ sql ] [ SQL ] SELECT `AuthGroupAccess`.`uid`,`AuthGroupAccess`.`group_id`,`AuthGroup`.`title`,`AuthGroup`.`rules` FROM `os_auth_group_access` `AuthGroupAccess` LEFT JOIN `os_auth_group` `AuthGroup` ON `AuthGroupAccess`.`group_id`=`AuthGroup`.`id` WHERE  (  AuthGroupAccess.uid='1' and AuthGroup.status='1' ) [ RunTime:0.000207s ]
[ sql ] [ SQL ] SHOW COLUMNS FROM `os_auth_rule` [ RunTime:0.000442s ]
[ sql ] [ SQL ] SELECT `condition`,`name` FROM `os_auth_rule` WHERE  `id` IN (1,2,3,73,74,5,6,7,8,9,10,11,12,39,40,41,42,43,14,13,20,21,22,23,24,15,25,26,27,28,29,30,16,17,44,45,46,47,48,18,49,50,51,52,53,19,31,32,33,34,35,36,37,54,55,58,59,60,61,62,56,63,64,65,66,67,57,68,69,70,71,72)  AND `type` = 1 [ RunTime:0.000323s ]
[ sql ] [ SQL ] SELECT * FROM `os_auth_rule` WHERE  `status` = 1 ORDER BY `sort`  DESC,`id`  ASC [ RunTime:0.000159s ]
[ sql ] [ SQL ] SHOW COLUMNS FROM `os_weixin` [ RunTime:0.000474s ]
[ sql ] [ SQL ] SELECT COUNT(*) AS tp_count FROM `os_weixin` LIMIT 1 [ RunTime:0.000132s ]
[ sql ] [ SQL ] SELECT * FROM `os_weixin` ORDER BY id DESC LIMIT 0,15 [ RunTime:0.000127s ]

---------------------------------------------------------------
[ 2017-09-03T10:51:55+08:00 ] [ sql ] [ DB ] CONNECT:[ UseTime:0.000485s ] mysql:dbname=api;host=127.0.0.1;charset=utf8
[ sql ] [ SQL ] SHOW COLUMNS FROM `os_auth_group_access` [ RunTime:0.000645s ]
[ sql ] [ SQL ] SELECT `AuthGroupAccess`.`uid`,`AuthGroupAccess`.`group_id`,`AuthGroup`.`title`,`AuthGroup`.`rules` FROM `os_auth_group_access` `AuthGroupAccess` LEFT JOIN `os_auth_group` `AuthGroup` ON `AuthGroupAccess`.`group_id`=`AuthGroup`.`id` WHERE  (  AuthGroupAccess.uid='1' and AuthGroup.status='1' ) [ RunTime:0.000182s ]
[ sql ] [ SQL ] SHOW COLUMNS FROM `os_auth_rule` [ RunTime:0.000445s ]
[ sql ] [ SQL ] SELECT `condition`,`name` FROM `os_auth_rule` WHERE  `id` IN (1,2,3,73,74,5,6,7,8,9,10,11,12,39,40,41,42,43,14,13,20,21,22,23,24,15,25,26,27,28,29,30,16,17,44,45,46,47,48,18,49,50,51,52,53,19,31,32,33,34,35,36,37,54,55,58,59,60,61,62,56,63,64,65,66,67,57,68,69,70,71,72)  AND `type` = 1 [ RunTime:0.000285s ]
[ sql ] [ SQL ] SELECT * FROM `os_auth_rule` WHERE  `status` = 1 ORDER BY `sort`  DESC,`id`  ASC [ RunTime:0.000174s ]

---------------------------------------------------------------
[ 2017-09-03T10:52:00+08:00 ] [ sql ] [ DB ] CONNECT:[ UseTime:0.000564s ] mysql:dbname=api;host=127.0.0.1;charset=utf8
[ sql ] [ SQL ] SHOW COLUMNS FROM `os_auth_group_access` [ RunTime:0.000604s ]
[ sql ] [ SQL ] SELECT `AuthGroupAccess`.`uid`,`AuthGroupAccess`.`group_id`,`AuthGroup`.`title`,`AuthGroup`.`rules` FROM `os_auth_group_access` `AuthGroupAccess` LEFT JOIN `os_auth_group` `AuthGroup` ON `AuthGroupAccess`.`group_id`=`AuthGroup`.`id` WHERE  (  AuthGroupAccess.uid='1' and AuthGroup.status='1' ) [ RunTime:0.000209s ]
[ sql ] [ SQL ] SHOW COLUMNS FROM `os_auth_rule` [ RunTime:0.000438s ]
[ sql ] [ SQL ] SELECT `condition`,`name` FROM `os_auth_rule` WHERE  `id` IN (1,2,3,73,74,5,6,7,8,9,10,11,12,39,40,41,42,43,14,13,20,21,22,23,24,15,25,26,27,28,29,30,16,17,44,45,46,47,48,18,49,50,51,52,53,19,31,32,33,34,35,36,37,54,55,58,59,60,61,62,56,63,64,65,66,67,57,68,69,70,71,72)  AND `type` = 1 [ RunTime:0.000344s ]
[ sql ] [ SQL ] SELECT * FROM `os_auth_rule` WHERE  `status` = 1 ORDER BY `sort`  DESC,`id`  ASC [ RunTime:0.000158s ]

---------------------------------------------------------------
[ 2017-09-03T10:52:16+08:00 ] [ sql ] [ DB ] CONNECT:[ UseTime:0.000487s ] mysql:dbname=api;host=127.0.0.1;charset=utf8
[ sql ] [ SQL ] SHOW COLUMNS FROM `os_auth_group_access` [ RunTime:0.000597s ]
[ sql ] [ SQL ] SELECT `AuthGroupAccess`.`uid`,`AuthGroupAccess`.`group_id`,`AuthGroup`.`title`,`AuthGroup`.`rules` FROM `os_auth_group_access` `AuthGroupAccess` LEFT JOIN `os_auth_group` `AuthGroup` ON `AuthGroupAccess`.`group_id`=`AuthGroup`.`id` WHERE  (  AuthGroupAccess.uid='1' and AuthGroup.status='1' ) [ RunTime:0.000213s ]
[ sql ] [ SQL ] SHOW COLUMNS FROM `os_auth_rule` [ RunTime:0.000440s ]
[ sql ] [ SQL ] SELECT `condition`,`name` FROM `os_auth_rule` WHERE  `id` IN (1,2,3,73,74,5,6,7,8,9,10,11,12,39,40,41,42,43,14,13,20,21,22,23,24,15,25,26,27,28,29,30,16,17,44,45,46,47,48,18,49,50,51,52,53,19,31,32,33,34,35,36,37,54,55,58,59,60,61,62,56,63,64,65,66,67,57,68,69,70,71,72)  AND `type` = 1 [ RunTime:0.000307s ]
[ sql ] [ SQL ] SELECT * FROM `os_auth_rule` WHERE  `status` = 1 ORDER BY `sort`  DESC,`id`  ASC [ RunTime:0.000161s ]
[ sql ] [ SQL ] SHOW COLUMNS FROM `os_weixin` [ RunTime:0.000645s ]
[ sql ] [ SQL ] INSERT INTO `os_weixin` (`username` , `sdmu`) SELECT '王栋','20150605010135' UNION ALL SELECT '曹树梦','140503010102' UNION ALL SELECT '曹嘉伟','160604030101' UNION ALL SELECT '杨务帅','160604030138' UNION ALL SELECT '李兴钰','20150606060108' UNION ALL SELECT '乌欣宇','20150507010231' [ RunTime:0.000468s ]

---------------------------------------------------------------
[ 2017-09-03T10:52:18+08:00 ] [ sql ] [ DB ] CONNECT:[ UseTime:0.000473s ] mysql:dbname=api;host=127.0.0.1;charset=utf8
[ sql ] [ SQL ] SHOW COLUMNS FROM `os_auth_group_access` [ RunTime:0.000628s ]
[ sql ] [ SQL ] SELECT `AuthGroupAccess`.`uid`,`AuthGroupAccess`.`group_id`,`AuthGroup`.`title`,`AuthGroup`.`rules` FROM `os_auth_group_access` `AuthGroupAccess` LEFT JOIN `os_auth_group` `AuthGroup` ON `AuthGroupAccess`.`group_id`=`AuthGroup`.`id` WHERE  (  AuthGroupAccess.uid='1' and AuthGroup.status='1' ) [ RunTime:0.000181s ]
[ sql ] [ SQL ] SHOW COLUMNS FROM `os_auth_rule` [ RunTime:0.000468s ]
[ sql ] [ SQL ] SELECT `condition`,`name` FROM `os_auth_rule` WHERE  `id` IN (1,2,3,73,74,5,6,7,8,9,10,11,12,39,40,41,42,43,14,13,20,21,22,23,24,15,25,26,27,28,29,30,16,17,44,45,46,47,48,18,49,50,51,52,53,19,31,32,33,34,35,36,37,54,55,58,59,60,61,62,56,63,64,65,66,67,57,68,69,70,71,72)  AND `type` = 1 [ RunTime:0.000292s ]
[ sql ] [ SQL ] SELECT * FROM `os_auth_rule` WHERE  `status` = 1 ORDER BY `sort`  DESC,`id`  ASC [ RunTime:0.000162s ]

---------------------------------------------------------------
[ 2017-09-03T10:52:21+08:00 ] [ sql ] [ DB ] CONNECT:[ UseTime:0.000486s ] mysql:dbname=api;host=127.0.0.1;charset=utf8
[ sql ] [ SQL ] SHOW COLUMNS FROM `os_auth_group_access` [ RunTime:0.000628s ]
[ sql ] [ SQL ] SELECT `AuthGroupAccess`.`uid`,`AuthGroupAccess`.`group_id`,`AuthGroup`.`title`,`AuthGroup`.`rules` FROM `os_auth_group_access` `AuthGroupAccess` LEFT JOIN `os_auth_group` `AuthGroup` ON `AuthGroupAccess`.`group_id`=`AuthGroup`.`id` WHERE  (  AuthGroupAccess.uid='1' and AuthGroup.status='1' ) [ RunTime:0.000183s ]
[ sql ] [ SQL ] SHOW COLUMNS FROM `os_auth_rule` [ RunTime:0.000455s ]
[ sql ] [ SQL ] SELECT `condition`,`name` FROM `os_auth_rule` WHERE  `id` IN (1,2,3,73,74,5,6,7,8,9,10,11,12,39,40,41,42,43,14,13,20,21,22,23,24,15,25,26,27,28,29,30,16,17,44,45,46,47,48,18,49,50,51,52,53,19,31,32,33,34,35,36,37,54,55,58,59,60,61,62,56,63,64,65,66,67,57,68,69,70,71,72)  AND `type` = 1 [ RunTime:0.000311s ]
[ sql ] [ SQL ] SELECT * FROM `os_auth_rule` WHERE  `status` = 1 ORDER BY `sort`  DESC,`id`  ASC [ RunTime:0.000171s ]
[ sql ] [ SQL ] SHOW COLUMNS FROM `os_weixin` [ RunTime:0.000505s ]
[ sql ] [ SQL ] SELECT COUNT(*) AS tp_count FROM `os_weixin` LIMIT 1 [ RunTime:0.000148s ]
[ sql ] [ SQL ] SELECT * FROM `os_weixin` ORDER BY id DESC LIMIT 0,15 [ RunTime:0.000617s ]

---------------------------------------------------------------
[ 2017-09-03T10:55:00+08:00 ] [ sql ] [ DB ] CONNECT:[ UseTime:0.000672s ] mysql:dbname=api;host=127.0.0.1;charset=utf8
[ sql ] [ SQL ] SHOW COLUMNS FROM `os_auth_group_access` [ RunTime:0.000858s ]
[ sql ] [ SQL ] SELECT `AuthGroupAccess`.`uid`,`AuthGroupAccess`.`group_id`,`AuthGroup`.`title`,`AuthGroup`.`rules` FROM `os_auth_group_access` `AuthGroupAccess` LEFT JOIN `os_auth_group` `AuthGroup` ON `AuthGroupAccess`.`group_id`=`AuthGroup`.`id` WHERE  (  AuthGroupAccess.uid='1' and AuthGroup.status='1' ) [ RunTime:0.000264s ]
[ sql ] [ SQL ] SHOW COLUMNS FROM `os_auth_rule` [ RunTime:0.000661s ]
[ sql ] [ SQL ] SELECT `condition`,`name` FROM `os_auth_rule` WHERE  `id` IN (1,2,3,73,74,5,6,7,8,9,10,11,12,39,40,41,42,43,14,13,20,21,22,23,24,15,25,26,27,28,29,30,16,17,44,45,46,47,48,18,49,50,51,52,53,19,31,32,33,34,35,36,37,54,55,58,59,60,61,62,56,63,64,65,66,67,57,68,69,70,71,72)  AND `type` = 1 [ RunTime:0.000425s ]
[ sql ] [ SQL ] SELECT * FROM `os_auth_rule` WHERE  `status` = 1 ORDER BY `sort`  DESC,`id`  ASC [ RunTime:0.000214s ]
[ sql ] [ SQL ] SHOW COLUMNS FROM `os_weixin` [ RunTime:0.000646s ]
[ sql ] [ SQL ] SELECT COUNT(*) AS tp_count FROM `os_weixin` LIMIT 1 [ RunTime:0.000167s ]
[ sql ] [ SQL ] SELECT * FROM `os_weixin` ORDER BY id DESC LIMIT 0,15 [ RunTime:0.000169s ]

---------------------------------------------------------------
[ 2017-09-03T10:55:09+08:00 ] [ sql ] [ DB ] CONNECT:[ UseTime:0.000525s ] mysql:dbname=api;host=127.0.0.1;charset=utf8
[ sql ] [ SQL ] SHOW COLUMNS FROM `os_auth_group_access` [ RunTime:0.000619s ]
[ sql ] [ SQL ] SELECT `AuthGroupAccess`.`uid`,`AuthGroupAccess`.`group_id`,`AuthGroup`.`title`,`AuthGroup`.`rules` FROM `os_auth_group_access` `AuthGroupAccess` LEFT JOIN `os_auth_group` `AuthGroup` ON `AuthGroupAccess`.`group_id`=`AuthGroup`.`id` WHERE  (  AuthGroupAccess.uid='1' and AuthGroup.status='1' ) [ RunTime:0.000187s ]
[ sql ] [ SQL ] SHOW COLUMNS FROM `os_auth_rule` [ RunTime:0.000436s ]
[ sql ] [ SQL ] SELECT `condition`,`name` FROM `os_auth_rule` WHERE  `id` IN (1,2,3,73,74,5,6,7,8,9,10,11,12,39,40,41,42,43,14,13,20,21,22,23,24,15,25,26,27,28,29,30,16,17,44,45,46,47,48,18,49,50,51,52,53,19,31,32,33,34,35,36,37,54,55,58,59,60,61,62,56,63,64,65,66,67,57,68,69,70,71,72)  AND `type` = 1 [ RunTime:0.000306s ]
[ sql ] [ SQL ] SELECT * FROM `os_auth_rule` WHERE  `status` = 1 ORDER BY `sort`  DESC,`id`  ASC [ RunTime:0.000173s ]
[ sql ] [ SQL ] SHOW COLUMNS FROM `os_weixin` [ RunTime:0.000464s ]
[ sql ] [ SQL ] SELECT COUNT(*) AS tp_count FROM `os_weixin` WHERE  `phone` LIKE '' LIMIT 1 [ RunTime:0.000320s ]
[ sql ] [ SQL ] SELECT * FROM `os_weixin` WHERE  `phone` LIKE '' ORDER BY id DESC LIMIT 0,15 [ RunTime:0.000411s ]

---------------------------------------------------------------
[ 2017-09-03T10:55:10+08:00 ] [ sql ] [ DB ] CONNECT:[ UseTime:0.000516s ] mysql:dbname=api;host=127.0.0.1;charset=utf8
[ sql ] [ SQL ] SHOW COLUMNS FROM `os_auth_rule` [ RunTime:0.000683s ]
[ sql ] [ SQL ] SELECT * FROM `os_auth_rule` WHERE  `status` = 1 ORDER BY `sort`  DESC,`id`  ASC [ RunTime:0.000208s ]
[ sql ] [ SQL ] SHOW COLUMNS FROM `os_auth_group_access` [ RunTime:0.000435s ]
[ sql ] [ SQL ] SELECT `AuthGroupAccess`.`uid`,`AuthGroupAccess`.`group_id`,`AuthGroup`.`title`,`AuthGroup`.`rules` FROM `os_auth_group_access` `AuthGroupAccess` LEFT JOIN `os_auth_group` `AuthGroup` ON `AuthGroupAccess`.`group_id`=`AuthGroup`.`id` WHERE  (  AuthGroupAccess.uid='1' and AuthGroup.status='1' ) [ RunTime:0.000164s ]
[ sql ] [ SQL ] SELECT `condition`,`name` FROM `os_auth_rule` WHERE  `id` IN (1,2,3,73,74,5,6,7,8,9,10,11,12,39,40,41,42,43,14,13,20,21,22,23,24,15,25,26,27,28,29,30,16,17,44,45,46,47,48,18,49,50,51,52,53,19,31,32,33,34,35,36,37,54,55,58,59,60,61,62,56,63,64,65,66,67,57,68,69,70,71,72)  AND `type` = 1 [ RunTime:0.000300s ]
[ sql ] [ SQL ] SELECT VERSION() AS ver [ RunTime:0.000121s ]

---------------------------------------------------------------
[ 2017-09-03T10:55:13+08:00 ] [ sql ] [ DB ] CONNECT:[ UseTime:0.000528s ] mysql:dbname=api;host=127.0.0.1;charset=utf8
[ sql ] [ SQL ] SHOW COLUMNS FROM `os_auth_group_access` [ RunTime:0.000649s ]
[ sql ] [ SQL ] SELECT `AuthGroupAccess`.`uid`,`AuthGroupAccess`.`group_id`,`AuthGroup`.`title`,`AuthGroup`.`rules` FROM `os_auth_group_access` `AuthGroupAccess` LEFT JOIN `os_auth_group` `AuthGroup` ON `AuthGroupAccess`.`group_id`=`AuthGroup`.`id` WHERE  (  AuthGroupAccess.uid='1' and AuthGroup.status='1' ) [ RunTime:0.000194s ]
[ sql ] [ SQL ] SHOW COLUMNS FROM `os_auth_rule` [ RunTime:0.000496s ]
[ sql ] [ SQL ] SELECT `condition`,`name` FROM `os_auth_rule` WHERE  `id` IN (1,2,3,73,74,5,6,7,8,9,10,11,12,39,40,41,42,43,14,13,20,21,22,23,24,15,25,26,27,28,29,30,16,17,44,45,46,47,48,18,49,50,51,52,53,19,31,32,33,34,35,36,37,54,55,58,59,60,61,62,56,63,64,65,66,67,57,68,69,70,71,72)  AND `type` = 1 [ RunTime:0.000297s ]
[ sql ] [ SQL ] SELECT * FROM `os_auth_rule` WHERE  `status` = 1 ORDER BY `sort`  DESC,`id`  ASC [ RunTime:0.000181s ]
[ sql ] [ SQL ] SHOW COLUMNS FROM `os_system` [ RunTime:0.000471s ]
[ sql ] [ SQL ] SELECT `value` FROM `os_system` WHERE  `name` = 'site_config' LIMIT 1 [ RunTime:0.000146s ]

---------------------------------------------------------------
[ 2017-09-03T10:55:15+08:00 ] [ sql ] [ DB ] CONNECT:[ UseTime:0.000502s ] mysql:dbname=api;host=127.0.0.1;charset=utf8
[ sql ] [ SQL ] SHOW COLUMNS FROM `os_auth_group_access` [ RunTime:0.000627s ]
[ sql ] [ SQL ] SELECT `AuthGroupAccess`.`uid`,`AuthGroupAccess`.`group_id`,`AuthGroup`.`title`,`AuthGroup`.`rules` FROM `os_auth_group_access` `AuthGroupAccess` LEFT JOIN `os_auth_group` `AuthGroup` ON `AuthGroupAccess`.`group_id`=`AuthGroup`.`id` WHERE  (  AuthGroupAccess.uid='1' and AuthGroup.status='1' ) [ RunTime:0.000182s ]
[ sql ] [ SQL ] SHOW COLUMNS FROM `os_auth_rule` [ RunTime:0.000455s ]
[ sql ] [ SQL ] SELECT `condition`,`name` FROM `os_auth_rule` WHERE  `id` IN (1,2,3,73,74,5,6,7,8,9,10,11,12,39,40,41,42,43,14,13,20,21,22,23,24,15,25,26,27,28,29,30,16,17,44,45,46,47,48,18,49,50,51,52,53,19,31,32,33,34,35,36,37,54,55,58,59,60,61,62,56,63,64,65,66,67,57,68,69,70,71,72)  AND `type` = 1 [ RunTime:0.000291s ]
[ sql ] [ SQL ] SELECT * FROM `os_auth_rule` WHERE  `status` = 1 ORDER BY `sort`  DESC,`id`  ASC [ RunTime:0.000220s ]

---------------------------------------------------------------
[ 2017-09-03T10:55:17+08:00 ] [ sql ] [ DB ] CONNECT:[ UseTime:0.000495s ] mysql:dbname=api;host=127.0.0.1;charset=utf8
[ sql ] [ SQL ] SHOW COLUMNS FROM `os_auth_group_access` [ RunTime:0.000615s ]
[ sql ] [ SQL ] SELECT `AuthGroupAccess`.`uid`,`AuthGroupAccess`.`group_id`,`AuthGroup`.`title`,`AuthGroup`.`rules` FROM `os_auth_group_access` `AuthGroupAccess` LEFT JOIN `os_auth_group` `AuthGroup` ON `AuthGroupAccess`.`group_id`=`AuthGroup`.`id` WHERE  (  AuthGroupAccess.uid='1' and AuthGroup.status='1' ) [ RunTime:0.000181s ]
[ sql ] [ SQL ] SHOW COLUMNS FROM `os_auth_rule` [ RunTime:0.000434s ]
[ sql ] [ SQL ] SELECT `condition`,`name` FROM `os_auth_rule` WHERE  `id` IN (1,2,3,73,74,5,6,7,8,9,10,11,12,39,40,41,42,43,14,13,20,21,22,23,24,15,25,26,27,28,29,30,16,17,44,45,46,47,48,18,49,50,51,52,53,19,31,32,33,34,35,36,37,54,55,58,59,60,61,62,56,63,64,65,66,67,57,68,69,70,71,72)  AND `type` = 1 [ RunTime:0.000303s ]
[ sql ] [ SQL ] SELECT * FROM `os_auth_rule` WHERE  `status` = 1 ORDER BY `sort`  DESC,`id`  ASC [ RunTime:0.000176s ]
[ sql ] [ SQL ] SELECT * FROM `os_auth_rule` ORDER BY `sort`  DESC,`id`  ASC [ RunTime:0.000170s ]

---------------------------------------------------------------
[ 2017-09-03T10:55:20+08:00 ] [ sql ] [ DB ] CONNECT:[ UseTime:0.000546s ] mysql:dbname=api;host=127.0.0.1;charset=utf8
[ sql ] [ SQL ] SHOW COLUMNS FROM `os_auth_group_access` [ RunTime:0.000642s ]
[ sql ] [ SQL ] SELECT `AuthGroupAccess`.`uid`,`AuthGroupAccess`.`group_id`,`AuthGroup`.`title`,`AuthGroup`.`rules` FROM `os_auth_group_access` `AuthGroupAccess` LEFT JOIN `os_auth_group` `AuthGroup` ON `AuthGroupAccess`.`group_id`=`AuthGroup`.`id` WHERE  (  AuthGroupAccess.uid='1' and AuthGroup.status='1' ) [ RunTime:0.000185s ]
[ sql ] [ SQL ] SHOW COLUMNS FROM `os_auth_rule` [ RunTime:0.000504s ]
[ sql ] [ SQL ] SELECT `condition`,`name` FROM `os_auth_rule` WHERE  `id` IN (1,2,3,73,74,5,6,7,8,9,10,11,12,39,40,41,42,43,14,13,20,21,22,23,24,15,25,26,27,28,29,30,16,17,44,45,46,47,48,18,49,50,51,52,53,19,31,32,33,34,35,36,37,54,55,58,59,60,61,62,56,63,64,65,66,67,57,68,69,70,71,72)  AND `type` = 1 [ RunTime:0.000344s ]
[ sql ] [ SQL ] SELECT * FROM `os_auth_rule` WHERE  `status` = 1 ORDER BY `sort`  DESC,`id`  ASC [ RunTime:0.000163s ]
[ sql ] [ SQL ] SHOW COLUMNS FROM `os_nav` [ RunTime:0.000452s ]
[ sql ] [ SQL ] SELECT * FROM `os_nav` ORDER BY `sort`  ASC,`id`  ASC [ RunTime:0.000125s ]

---------------------------------------------------------------
[ 2017-09-03T10:55:22+08:00 ] [ sql ] [ DB ] CONNECT:[ UseTime:0.000488s ] mysql:dbname=api;host=127.0.0.1;charset=utf8
[ sql ] [ SQL ] SHOW COLUMNS FROM `os_auth_group_access` [ RunTime:0.000626s ]
[ sql ] [ SQL ] SELECT `AuthGroupAccess`.`uid`,`AuthGroupAccess`.`group_id`,`AuthGroup`.`title`,`AuthGroup`.`rules` FROM `os_auth_group_access` `AuthGroupAccess` LEFT JOIN `os_auth_group` `AuthGroup` ON `AuthGroupAccess`.`group_id`=`AuthGroup`.`id` WHERE  (  AuthGroupAccess.uid='1' and AuthGroup.status='1' ) [ RunTime:0.000181s ]
[ sql ] [ SQL ] SHOW COLUMNS FROM `os_auth_rule` [ RunTime:0.000470s ]
[ sql ] [ SQL ] SELECT `condition`,`name` FROM `os_auth_rule` WHERE  `id` IN (1,2,3,73,74,5,6,7,8,9,10,11,12,39,40,41,42,43,14,13,20,21,22,23,24,15,25,26,27,28,29,30,16,17,44,45,46,47,48,18,49,50,51,52,53,19,31,32,33,34,35,36,37,54,55,58,59,60,61,62,56,63,64,65,66,67,57,68,69,70,71,72)  AND `type` = 1 [ RunTime:0.000285s ]
[ sql ] [ SQL ] SELECT * FROM `os_auth_rule` WHERE  `status` = 1 ORDER BY `sort`  DESC,`id`  ASC [ RunTime:0.000160s ]
[ sql ] [ SQL ] SHOW COLUMNS FROM `os_nav` [ RunTime:0.000444s ]
[ sql ] [ SQL ] SELECT * FROM `os_nav` ORDER BY `sort`  ASC,`id`  ASC [ RunTime:0.000138s ]

---------------------------------------------------------------
[ 2017-09-03T10:55:25+08:00 ] [ sql ] [ DB ] CONNECT:[ UseTime:0.000503s ] mysql:dbname=api;host=127.0.0.1;charset=utf8
[ sql ] [ SQL ] SHOW COLUMNS FROM `os_auth_group_access` [ RunTime:0.000647s ]
[ sql ] [ SQL ] SELECT `AuthGroupAccess`.`uid`,`AuthGroupAccess`.`group_id`,`AuthGroup`.`title`,`AuthGroup`.`rules` FROM `os_auth_group_access` `AuthGroupAccess` LEFT JOIN `os_auth_group` `AuthGroup` ON `AuthGroupAccess`.`group_id`=`AuthGroup`.`id` WHERE  (  AuthGroupAccess.uid='1' and AuthGroup.status='1' ) [ RunTime:0.000189s ]
[ sql ] [ SQL ] SHOW COLUMNS FROM `os_auth_rule` [ RunTime:0.000494s ]
[ sql ] [ SQL ] SELECT `condition`,`name` FROM `os_auth_rule` WHERE  `id` IN (1,2,3,73,74,5,6,7,8,9,10,11,12,39,40,41,42,43,14,13,20,21,22,23,24,15,25,26,27,28,29,30,16,17,44,45,46,47,48,18,49,50,51,52,53,19,31,32,33,34,35,36,37,54,55,58,59,60,61,62,56,63,64,65,66,67,57,68,69,70,71,72)  AND `type` = 1 [ RunTime:0.000304s ]
[ sql ] [ SQL ] SELECT * FROM `os_auth_rule` WHERE  `status` = 1 ORDER BY `sort`  DESC,`id`  ASC [ RunTime:0.000172s ]
[ sql ] [ SQL ] SHOW COLUMNS FROM `os_category` [ RunTime:0.000519s ]
[ sql ] [ SQL ] SELECT * FROM `os_category` ORDER BY `sort`  DESC [ RunTime:0.000206s ]

---------------------------------------------------------------
[ 2017-09-03T10:55:30+08:00 ] [ sql ] [ DB ] CONNECT:[ UseTime:0.000524s ] mysql:dbname=api;host=127.0.0.1;charset=utf8
[ sql ] [ SQL ] SHOW COLUMNS FROM `os_weixin` [ RunTime:0.000654s ]
[ sql ] [ SQL ] SELECT `id`,`username`,`phone`,`status` FROM `os_weixin` WHERE  `username` = 'admin'  AND `sdmu` = 'admin' LIMIT 1 [ RunTime:0.000277s ]

---------------------------------------------------------------
[ 2017-09-03T11:12:51+08:00 ] [ sql ] [ DB ] CONNECT:[ UseTime:0.000528s ] mysql:dbname=api;host=127.0.0.1;charset=utf8
[ sql ] [ SQL ] SHOW COLUMNS FROM `os_weixin` [ RunTime:0.000689s ]
[ sql ] [ SQL ] SELECT `id`,`username`,`phone`,`status` FROM `os_weixin` WHERE  `username` = '曹佳'  AND `sdmu` = '20150607020102' LIMIT 1 [ RunTime:0.000262s ]

---------------------------------------------------------------
[ 2017-09-03T11:13:05+08:00 ] [ sql ] [ DB ] CONNECT:[ UseTime:0.000455s ] mysql:dbname=api;host=127.0.0.1;charset=utf8
[ sql ] [ SQL ] SHOW COLUMNS FROM `os_weixin` [ RunTime:0.000692s ]
[ sql ] [ SQL ] SELECT `id`,`username`,`phone`,`status` FROM `os_weixin` WHERE  `username` = '曹佳'  AND `sdmu` = '20150607020102' LIMIT 1 [ RunTime:0.000181s ]

---------------------------------------------------------------
[ 2017-09-03T11:13:15+08:00 ] [ sql ] [ DB ] CONNECT:[ UseTime:0.000518s ] mysql:dbname=api;host=127.0.0.1;charset=utf8
[ sql ] [ SQL ] SHOW COLUMNS FROM `os_weixin` [ RunTime:0.000691s ]
[ sql ] [ SQL ] SELECT `id`,`username`,`phone`,`status` FROM `os_weixin` WHERE  `username` = '曹佳'  AND `sdmu` = '20150607020102' LIMIT 1 [ RunTime:0.000181s ]

---------------------------------------------------------------
[ 2017-09-03T11:13:33+08:00 ] [ sql ] [ DB ] CONNECT:[ UseTime:0.000510s ] mysql:dbname=api;host=127.0.0.1;charset=utf8
[ sql ] [ SQL ] SHOW COLUMNS FROM `os_weixin` [ RunTime:0.000665s ]
[ sql ] [ SQL ] SELECT `id`,`username`,`phone`,`status` FROM `os_weixin` WHERE  `username` = '曹佳'  AND `sdmu` = '20150607020102' LIMIT 1 [ RunTime:0.000220s ]

---------------------------------------------------------------
[ 2017-09-03T11:14:00+08:00 ] [ sql ] [ DB ] CONNECT:[ UseTime:0.000686s ] mysql:dbname=api;host=127.0.0.1;charset=utf8
[ sql ] [ SQL ] SHOW COLUMNS FROM `os_weixin` [ RunTime:0.000746s ]
[ sql ] [ SQL ] SELECT `id`,`username`,`phone`,`status` FROM `os_weixin` WHERE  `username` = '曹佳'  AND `sdmu` = '20150607020102' LIMIT 1 [ RunTime:0.000215s ]

---------------------------------------------------------------
[ 2017-09-03T11:14:30+08:00 ] [ sql ] [ DB ] CONNECT:[ UseTime:0.000674s ] mysql:dbname=api;host=127.0.0.1;charset=utf8
[ sql ] [ SQL ] SHOW COLUMNS FROM `os_weixin` [ RunTime:0.000737s ]
[ sql ] [ SQL ] SELECT `id`,`username`,`phone`,`status` FROM `os_weixin` WHERE  `username` = '曹佳'  AND `sdmu` = '20150607020102' LIMIT 1 [ RunTime:0.000184s ]

---------------------------------------------------------------
[ 2017-09-03T11:17:50+08:00 ] [ sql ] [ DB ] CONNECT:[ UseTime:0.000478s ] mysql:dbname=api;host=127.0.0.1;charset=utf8
[ sql ] [ SQL ] SHOW COLUMNS FROM `os_weixin` [ RunTime:0.000684s ]
[ sql ] [ SQL ] SELECT `id`,`username`,`phone`,`status` FROM `os_weixin` WHERE  `username` = '曹佳'  AND `sdmu` = '20150607020102' LIMIT 1 [ RunTime:0.000185s ]

---------------------------------------------------------------
[ 2017-09-03T11:18:32+08:00 ] [ sql ] [ DB ] CONNECT:[ UseTime:0.000539s ] mysql:dbname=api;host=127.0.0.1;charset=utf8
[ sql ] [ SQL ] SHOW COLUMNS FROM `os_weixin` [ RunTime:0.000669s ]
[ sql ] [ SQL ] SELECT `id`,`username`,`phone`,`status` FROM `os_weixin` WHERE  `username` = '曹佳'  AND `sdmu` = '20150607020102' LIMIT 1 [ RunTime:0.000187s ]

---------------------------------------------------------------
[ 2017-09-03T11:22:21+08:00 ] [ sql ] [ DB ] CONNECT:[ UseTime:0.000523s ] mysql:dbname=api;host=127.0.0.1;charset=utf8
[ sql ] [ SQL ] SHOW COLUMNS FROM `os_weixin` [ RunTime:0.000707s ]
[ sql ] [ SQL ] SELECT `id`,`username`,`phone`,`status` FROM `os_weixin` WHERE  `username` = '曹佳'  AND `sdmu` = '20150607020102' LIMIT 1 [ RunTime:0.000195s ]

---------------------------------------------------------------
[ 2017-09-03T12:01:27+08:00 ] [ sql ] [ DB ] CONNECT:[ UseTime:0.000535s ] mysql:dbname=api;host=127.0.0.1;charset=utf8
[ sql ] [ SQL ] SHOW COLUMNS FROM `os_weixin` [ RunTime:0.000683s ]
[ sql ] [ SQL ] SELECT `id`,`username`,`phone`,`status` FROM `os_weixin` WHERE  `username` = '测试'  AND `sdmu` = '123456' LIMIT 1 [ RunTime:0.000261s ]

---------------------------------------------------------------
[ 2017-09-03T12:01:31+08:00 ] [ sql ] [ DB ] CONNECT:[ UseTime:0.000680s ] mysql:dbname=api;host=127.0.0.1;charset=utf8
[ sql ] [ SQL ] SHOW COLUMNS FROM `os_auth_group_access` [ RunTime:0.000849s ]
[ sql ] [ SQL ] SELECT `AuthGroupAccess`.`uid`,`AuthGroupAccess`.`group_id`,`AuthGroup`.`title`,`AuthGroup`.`rules` FROM `os_auth_group_access` `AuthGroupAccess` LEFT JOIN `os_auth_group` `AuthGroup` ON `AuthGroupAccess`.`group_id`=`AuthGroup`.`id` WHERE  (  AuthGroupAccess.uid='999999' and AuthGroup.status='1' ) [ RunTime:0.000235s ]
[ sql ] [ SQL ] SHOW COLUMNS FROM `os_nav` [ RunTime:0.000648s ]
[ sql ] [ SQL ] SELECT * FROM `os_nav` WHERE  `status` = 1 ORDER BY `sort`  ASC [ RunTime:0.000208s ]
[ sql ] [ SQL ] SHOW COLUMNS FROM `os_slide` [ RunTime:0.000703s ]
[ sql ] [ SQL ] SELECT * FROM `os_slide` WHERE  `status` = 1  AND `cid` = 1 ORDER BY `sort`  DESC [ RunTime:0.000228s ]
[ sql ] [ SQL ] SHOW COLUMNS FROM `os_weixin` [ RunTime:0.000631s ]
[ sql ] [ SQL ] SELECT `phone` FROM `os_weixin` WHERE  `id` = 999999 LIMIT 1 [ RunTime:0.000288s ]

---------------------------------------------------------------
[ 2017-09-03T12:01:34+08:00 ] [ sql ] [ DB ] CONNECT:[ UseTime:0.000477s ] mysql:dbname=api;host=127.0.0.1;charset=utf8
[ sql ] [ SQL ] SHOW COLUMNS FROM `os_auth_group_access` [ RunTime:0.000595s ]
[ sql ] [ SQL ] SELECT `AuthGroupAccess`.`uid`,`AuthGroupAccess`.`group_id`,`AuthGroup`.`title`,`AuthGroup`.`rules` FROM `os_auth_group_access` `AuthGroupAccess` LEFT JOIN `os_auth_group` `AuthGroup` ON `AuthGroupAccess`.`group_id`=`AuthGroup`.`id` WHERE  (  AuthGroupAccess.uid='999999' and AuthGroup.status='1' ) [ RunTime:0.000192s ]
[ sql ] [ SQL ] SHOW COLUMNS FROM `os_nav` [ RunTime:0.000487s ]
[ sql ] [ SQL ] SELECT * FROM `os_nav` WHERE  `status` = 1 ORDER BY `sort`  ASC [ RunTime:0.000155s ]
[ sql ] [ SQL ] SHOW COLUMNS FROM `os_slide` [ RunTime:0.000461s ]
[ sql ] [ SQL ] SELECT * FROM `os_slide` WHERE  `status` = 1  AND `cid` = 1 ORDER BY `sort`  DESC [ RunTime:0.000149s ]
[ sql ] [ SQL ] SHOW COLUMNS FROM `os_weixin` [ RunTime:0.000436s ]
[ sql ] [ SQL ] SELECT * FROM `os_weixin` WHERE  `id` = 999999 LIMIT 1 [ RunTime:0.000234s ]

---------------------------------------------------------------
[ 2017-09-03T12:01:42+08:00 ] [ sql ] [ DB ] CONNECT:[ UseTime:0.000515s ] mysql:dbname=api;host=127.0.0.1;charset=utf8
[ sql ] [ SQL ] SHOW COLUMNS FROM `os_auth_group_access` [ RunTime:0.000659s ]
[ sql ] [ SQL ] SELECT `AuthGroupAccess`.`uid`,`AuthGroupAccess`.`group_id`,`AuthGroup`.`title`,`AuthGroup`.`rules` FROM `os_auth_group_access` `AuthGroupAccess` LEFT JOIN `os_auth_group` `AuthGroup` ON `AuthGroupAccess`.`group_id`=`AuthGroup`.`id` WHERE  (  AuthGroupAccess.uid='999999' and AuthGroup.status='1' ) [ RunTime:0.000191s ]
[ sql ] [ SQL ] SHOW COLUMNS FROM `os_nav` [ RunTime:0.000504s ]
[ sql ] [ SQL ] SELECT * FROM `os_nav` WHERE  `status` = 1 ORDER BY `sort`  ASC [ RunTime:0.000166s ]
[ sql ] [ SQL ] SHOW COLUMNS FROM `os_slide` [ RunTime:0.000452s ]
[ sql ] [ SQL ] SELECT * FROM `os_slide` WHERE  `status` = 1  AND `cid` = 1 ORDER BY `sort`  DESC [ RunTime:0.000194s ]
[ sql ] [ SQL ] SHOW COLUMNS FROM `os_weixin` [ RunTime:0.000475s ]
[ sql ] [ SQL ] SELECT `phone` FROM `os_weixin` WHERE  `id` = 999999 LIMIT 1 [ RunTime:0.000208s ]

---------------------------------------------------------------
[ 2017-09-03T12:01:44+08:00 ] [ sql ] [ DB ] CONNECT:[ UseTime:0.000542s ] mysql:dbname=api;host=127.0.0.1;charset=utf8
[ sql ] [ SQL ] SHOW COLUMNS FROM `os_weixin` [ RunTime:0.000665s ]
[ sql ] [ SQL ] SELECT `id`,`username`,`phone`,`status` FROM `os_weixin` WHERE  `username` = '测试'  AND `sdmu` = '123456' LIMIT 1 [ RunTime:0.000187s ]

---------------------------------------------------------------
[ 2017-09-03T12:01:53+08:00 ] [ sql ] [ DB ] CONNECT:[ UseTime:0.000535s ] mysql:dbname=api;host=127.0.0.1;charset=utf8
[ sql ] [ SQL ] SHOW COLUMNS FROM `os_weixin` [ RunTime:0.000675s ]
[ sql ] [ SQL ] SELECT `id`,`username`,`phone`,`status` FROM `os_weixin` WHERE  `username` = '测试2'  AND `sdmu` = '123456' LIMIT 1 [ RunTime:0.000258s ]

---------------------------------------------------------------
[ 2017-09-03T12:01:56+08:00 ] [ sql ] [ DB ] CONNECT:[ UseTime:0.000517s ] mysql:dbname=api;host=127.0.0.1;charset=utf8
[ sql ] [ SQL ] SHOW COLUMNS FROM `os_auth_group_access` [ RunTime:0.000611s ]
[ sql ] [ SQL ] SELECT `AuthGroupAccess`.`uid`,`AuthGroupAccess`.`group_id`,`AuthGroup`.`title`,`AuthGroup`.`rules` FROM `os_auth_group_access` `AuthGroupAccess` LEFT JOIN `os_auth_group` `AuthGroup` ON `AuthGroupAccess`.`group_id`=`AuthGroup`.`id` WHERE  (  AuthGroupAccess.uid='457' and AuthGroup.status='1' ) [ RunTime:0.000267s ]
[ sql ] [ SQL ] SHOW COLUMNS FROM `os_nav` [ RunTime:0.000466s ]
[ sql ] [ SQL ] SELECT * FROM `os_nav` WHERE  `status` = 1 ORDER BY `sort`  ASC [ RunTime:0.000156s ]
[ sql ] [ SQL ] SHOW COLUMNS FROM `os_slide` [ RunTime:0.000458s ]
[ sql ] [ SQL ] SELECT * FROM `os_slide` WHERE  `status` = 1  AND `cid` = 1 ORDER BY `sort`  DESC [ RunTime:0.000149s ]
[ sql ] [ SQL ] SHOW COLUMNS FROM `os_weixin` [ RunTime:0.000470s ]
[ sql ] [ SQL ] SELECT `phone` FROM `os_weixin` WHERE  `id` = 457 LIMIT 1 [ RunTime:0.000185s ]
[ sql ] [ SQL ] SHOW COLUMNS FROM `os_phone` [ RunTime:0.000452s ]
[ sql ] [ SQL ] SELECT `phone` FROM `os_phone` WHERE  `status` = 1 LIMIT 0,9 [ RunTime:0.000217s ]

---------------------------------------------------------------
[ 2017-09-03T12:02:04+08:00 ] [ sql ] [ DB ] CONNECT:[ UseTime:0.000471s ] mysql:dbname=api;host=127.0.0.1;charset=utf8
[ sql ] [ SQL ] SHOW COLUMNS FROM `os_auth_group_access` [ RunTime:0.000629s ]
[ sql ] [ SQL ] SELECT `AuthGroupAccess`.`uid`,`AuthGroupAccess`.`group_id`,`AuthGroup`.`title`,`AuthGroup`.`rules` FROM `os_auth_group_access` `AuthGroupAccess` LEFT JOIN `os_auth_group` `AuthGroup` ON `AuthGroupAccess`.`group_id`=`AuthGroup`.`id` WHERE  (  AuthGroupAccess.uid='457' and AuthGroup.status='1' ) [ RunTime:0.000181s ]
[ sql ] [ SQL ] SHOW COLUMNS FROM `os_nav` [ RunTime:0.000464s ]
[ sql ] [ SQL ] SELECT * FROM `os_nav` WHERE  `status` = 1 ORDER BY `sort`  ASC [ RunTime:0.000160s ]
[ sql ] [ SQL ] SHOW COLUMNS FROM `os_slide` [ RunTime:0.000430s ]
[ sql ] [ SQL ] SELECT * FROM `os_slide` WHERE  `status` = 1  AND `cid` = 1 ORDER BY `sort`  DESC [ RunTime:0.000170s ]
[ sql ] [ SQL ] SHOW COLUMNS FROM `os_weixin` [ RunTime:0.000449s ]
[ sql ] [ SQL ] SELECT `phone` FROM `os_weixin` WHERE  `id` = 457 LIMIT 1 [ RunTime:0.000127s ]
[ sql ] [ SQL ] SHOW COLUMNS FROM `os_phone` [ RunTime:0.000430s ]
[ sql ] [ SQL ] SELECT `phone` FROM `os_phone` WHERE  `status` = 1 LIMIT 8,9 [ RunTime:0.000252s ]

---------------------------------------------------------------
[ 2017-09-03T13:11:41+08:00 ] [ sql ] [ DB ] CONNECT:[ UseTime:0.000516s ] mysql:dbname=api;host=127.0.0.1;charset=utf8
[ sql ] [ SQL ] SHOW COLUMNS FROM `os_auth_group_access` [ RunTime:0.000635s ]
[ sql ] [ SQL ] SELECT `AuthGroupAccess`.`uid`,`AuthGroupAccess`.`group_id`,`AuthGroup`.`title`,`AuthGroup`.`rules` FROM `os_auth_group_access` `AuthGroupAccess` LEFT JOIN `os_auth_group` `AuthGroup` ON `AuthGroupAccess`.`group_id`=`AuthGroup`.`id` WHERE  (  AuthGroupAccess.uid='457' and AuthGroup.status='1' ) [ RunTime:0.000183s ]
[ sql ] [ SQL ] SHOW COLUMNS FROM `os_nav` [ RunTime:0.000609s ]
[ sql ] [ SQL ] SELECT * FROM `os_nav` WHERE  `status` = 1 ORDER BY `sort`  ASC [ RunTime:0.000156s ]
[ sql ] [ SQL ] SHOW COLUMNS FROM `os_slide` [ RunTime:0.000432s ]
[ sql ] [ SQL ] SELECT * FROM `os_slide` WHERE  `status` = 1  AND `cid` = 1 ORDER BY `sort`  DESC [ RunTime:0.000170s ]
[ sql ] [ SQL ] SHOW COLUMNS FROM `os_weixin` [ RunTime:0.000447s ]
[ sql ] [ SQL ] SELECT `phone` FROM `os_weixin` WHERE  `id` = 457 LIMIT 1 [ RunTime:0.000126s ]
[ sql ] [ SQL ] SHOW COLUMNS FROM `os_phone` [ RunTime:0.000428s ]
[ sql ] [ SQL ] SELECT `phone` FROM `os_phone` WHERE  `status` = 1 LIMIT 0,9 [ RunTime:0.000151s ]

---------------------------------------------------------------
[ 2017-09-03T13:11:42+08:00 ] [ sql ] [ DB ] CONNECT:[ UseTime:0.000541s ] mysql:dbname=api;host=127.0.0.1;charset=utf8
[ sql ] [ SQL ] SHOW COLUMNS FROM `os_weixin` [ RunTime:0.000705s ]
[ sql ] [ SQL ] SELECT `id`,`username`,`phone`,`status` FROM `os_weixin` WHERE  `username` = '测试2'  AND `sdmu` = '123456' LIMIT 1 [ RunTime:0.000196s ]

---------------------------------------------------------------
[ 2017-09-03T19:52:25+08:00 ] [ sql ] [ DB ] CONNECT:[ UseTime:0.000477s ] mysql:dbname=api;host=127.0.0.1;charset=utf8
[ sql ] [ SQL ] SHOW COLUMNS FROM `os_weixin` [ RunTime:0.000646s ]
[ sql ] [ SQL ] SELECT `id`,`username`,`phone`,`status` FROM `os_weixin` WHERE  `username` = '化红梅'  AND `sdmu` = '160501010208' LIMIT 1 [ RunTime:0.000266s ]

---------------------------------------------------------------
[ 2017-09-03T19:52:46+08:00 ] [ sql ] [ DB ] CONNECT:[ UseTime:0.000515s ] mysql:dbname=api;host=127.0.0.1;charset=utf8
[ sql ] [ SQL ] SHOW COLUMNS FROM `os_weixin` [ RunTime:0.000738s ]
[ sql ] [ SQL ] SELECT `id`,`username`,`phone`,`status` FROM `os_weixin` WHERE  `username` = '化红梅'  AND `sdmu` = '16371327151471' LIMIT 1 [ RunTime:0.000296s ]

---------------------------------------------------------------
[ 2017-09-03T19:52:50+08:00 ] [ sql ] [ DB ] CONNECT:[ UseTime:0.000509s ] mysql:dbname=api;host=127.0.0.1;charset=utf8
[ sql ] [ SQL ] SHOW COLUMNS FROM `os_auth_group_access` [ RunTime:0.000634s ]
[ sql ] [ SQL ] SELECT `AuthGroupAccess`.`uid`,`AuthGroupAccess`.`group_id`,`AuthGroup`.`title`,`AuthGroup`.`rules` FROM `os_auth_group_access` `AuthGroupAccess` LEFT JOIN `os_auth_group` `AuthGroup` ON `AuthGroupAccess`.`group_id`=`AuthGroup`.`id` WHERE  (  AuthGroupAccess.uid='154' and AuthGroup.status='1' ) [ RunTime:0.000290s ]
[ sql ] [ SQL ] SHOW COLUMNS FROM `os_nav` [ RunTime:0.000495s ]
[ sql ] [ SQL ] SELECT * FROM `os_nav` WHERE  `status` = 1 ORDER BY `sort`  ASC [ RunTime:0.000180s ]
[ sql ] [ SQL ] SHOW COLUMNS FROM `os_slide` [ RunTime:0.000464s ]
[ sql ] [ SQL ] SELECT * FROM `os_slide` WHERE  `status` = 1  AND `cid` = 1 ORDER BY `sort`  DESC [ RunTime:0.000160s ]
[ sql ] [ SQL ] SHOW COLUMNS FROM `os_weixin` [ RunTime:0.000474s ]
[ sql ] [ SQL ] SELECT `phone` FROM `os_weixin` WHERE  `id` = 154 LIMIT 1 [ RunTime:0.000194s ]

---------------------------------------------------------------
[ 2017-09-03T19:52:54+08:00 ] [ sql ] [ DB ] CONNECT:[ UseTime:0.000491s ] mysql:dbname=api;host=127.0.0.1;charset=utf8
[ sql ] [ SQL ] SHOW COLUMNS FROM `os_auth_group_access` [ RunTime:0.000610s ]
[ sql ] [ SQL ] SELECT `AuthGroupAccess`.`uid`,`AuthGroupAccess`.`group_id`,`AuthGroup`.`title`,`AuthGroup`.`rules` FROM `os_auth_group_access` `AuthGroupAccess` LEFT JOIN `os_auth_group` `AuthGroup` ON `AuthGroupAccess`.`group_id`=`AuthGroup`.`id` WHERE  (  AuthGroupAccess.uid='154' and AuthGroup.status='1' ) [ RunTime:0.000178s ]
[ sql ] [ SQL ] SHOW COLUMNS FROM `os_nav` [ RunTime:0.000516s ]
[ sql ] [ SQL ] SELECT * FROM `os_nav` WHERE  `status` = 1 ORDER BY `sort`  ASC [ RunTime:0.000173s ]
[ sql ] [ SQL ] SHOW COLUMNS FROM `os_slide` [ RunTime:0.000486s ]
[ sql ] [ SQL ] SELECT * FROM `os_slide` WHERE  `status` = 1  AND `cid` = 1 ORDER BY `sort`  DESC [ RunTime:0.000156s ]
[ sql ] [ SQL ] SHOW COLUMNS FROM `os_weixin` [ RunTime:0.000454s ]
[ sql ] [ SQL ] SELECT * FROM `os_weixin` WHERE  `id` = 154 LIMIT 1 [ RunTime:0.000243s ]

---------------------------------------------------------------
